{"/Users/pengbo43/my_code/type-to-verify/lib/index.ts": {"path":"/Users/pengbo43/my_code/type-to-verify/lib/index.ts","statementMap":{"0":{"start":{"line":1,"column":0},"end":{"line":1,"column":null}},"1":{"start":{"line":12,"column":0},"end":{"line":12,"column":34}},"2":{"start":{"line":13,"column":0},"end":{"line":13,"column":32}},"3":{"start":{"line":27,"column":4},"end":{"line":27,"column":null}},"4":{"start":{"line":32,"column":6},"end":{"line":32,"column":13}},"5":{"start":{"line":33,"column":20},"end":{"line":35,"column":6}},"6":{"start":{"line":36,"column":4},"end":{"line":36,"column":null}},"7":{"start":{"line":38,"column":4},"end":{"line":38,"column":null}},"8":{"start":{"line":42,"column":4},"end":{"line":45,"column":null}},"9":{"start":{"line":44,"column":6},"end":{"line":44,"column":null}},"10":{"start":{"line":46,"column":4},"end":{"line":46,"column":null}},"11":{"start":{"line":50,"column":4},"end":{"line":50,"column":null}},"12":{"start":{"line":50,"column":26},"end":{"line":50,"column":null}},"13":{"start":{"line":51,"column":20},"end":{"line":51,"column":48}},"14":{"start":{"line":52,"column":4},"end":{"line":52,"column":null}},"15":{"start":{"line":56,"column":4},"end":{"line":58,"column":null}},"16":{"start":{"line":57,"column":6},"end":{"line":57,"column":null}},"17":{"start":{"line":60,"column":4},"end":{"line":62,"column":null}},"18":{"start":{"line":61,"column":6},"end":{"line":61,"column":null}},"19":{"start":{"line":64,"column":4},"end":{"line":66,"column":null}},"20":{"start":{"line":65,"column":6},"end":{"line":65,"column":null}},"21":{"start":{"line":67,"column":4},"end":{"line":69,"column":null}},"22":{"start":{"line":68,"column":6},"end":{"line":68,"column":null}},"23":{"start":{"line":70,"column":4},"end":{"line":72,"column":null}},"24":{"start":{"line":71,"column":6},"end":{"line":71,"column":null}},"25":{"start":{"line":73,"column":4},"end":{"line":75,"column":null}},"26":{"start":{"line":74,"column":6},"end":{"line":74,"column":null}},"27":{"start":{"line":76,"column":4},"end":{"line":83,"column":null}},"28":{"start":{"line":77,"column":6},"end":{"line":82,"column":null}},"29":{"start":{"line":84,"column":4},"end":{"line":87,"column":null}},"30":{"start":{"line":85,"column":26},"end":{"line":85,"column":59}},"31":{"start":{"line":86,"column":6},"end":{"line":86,"column":null}},"32":{"start":{"line":88,"column":4},"end":{"line":100,"column":null}},"33":{"start":{"line":89,"column":25},"end":{"line":89,"column":45}},"34":{"start":{"line":90,"column":21},"end":{"line":98,"column":8}},"35":{"start":{"line":91,"column":25},"end":{"line":91,"column":39}},"36":{"start":{"line":92,"column":25},"end":{"line":92,"column":82}},"37":{"start":{"line":93,"column":27},"end":{"line":93,"column":62}},"38":{"start":{"line":94,"column":22},"end":{"line":94,"column":84}},"39":{"start":{"line":95,"column":8},"end":{"line":97,"column":null}},"40":{"start":{"line":99,"column":6},"end":{"line":99,"column":null}},"41":{"start":{"line":102,"column":4},"end":{"line":102,"column":18}},"42":{"start":{"line":108,"column":4},"end":{"line":108,"column":null}},"43":{"start":{"line":108,"column":31},"end":{"line":108,"column":null}},"44":{"start":{"line":109,"column":4},"end":{"line":109,"column":null}},"45":{"start":{"line":113,"column":23},"end":{"line":113,"column":56}},"46":{"start":{"line":114,"column":4},"end":{"line":114,"column":null}},"47":{"start":{"line":114,"column":21},"end":{"line":114,"column":null}},"48":{"start":{"line":115,"column":4},"end":{"line":117,"column":null}},"49":{"start":{"line":24,"column":0},"end":{"line":24,"column":13}}},"fnMap":{"0":{"name":"(anonymous_0)","decl":{"start":{"line":26,"column":2},"end":{"line":26,"column":14}},"loc":{"start":{"line":26,"column":30},"end":{"line":28,"column":3}}},"1":{"name":"(anonymous_1)","decl":{"start":{"line":30,"column":2},"end":{"line":30,"column":6}},"loc":{"start":{"line":30,"column":23},"end":{"line":39,"column":3}}},"2":{"name":"(anonymous_2)","decl":{"start":{"line":41,"column":2},"end":{"line":41,"column":17}},"loc":{"start":{"line":41,"column":37},"end":{"line":47,"column":3}}},"3":{"name":"(anonymous_3)","decl":{"start":{"line":49,"column":2},"end":{"line":49,"column":9}},"loc":{"start":{"line":49,"column":43},"end":{"line":53,"column":3}}},"4":{"name":"(anonymous_4)","decl":{"start":{"line":55,"column":2},"end":{"line":55,"column":19}},"loc":{"start":{"line":55,"column":45},"end":{"line":103,"column":3}}},"5":{"name":"(anonymous_5)","decl":{"start":{"line":90,"column":36},"end":{"line":90,"column":40}},"loc":{"start":{"line":90,"column":43},"end":{"line":98,"column":7}}},"6":{"name":"(anonymous_6)","decl":{"start":{"line":105,"column":2},"end":{"line":105,"column":9}},"loc":{"start":{"line":106,"column":70},"end":{"line":110,"column":3}}},"7":{"name":"(anonymous_7)","decl":{"start":{"line":112,"column":2},"end":{"line":112,"column":5}},"loc":{"start":{"line":112,"column":37},"end":{"line":118,"column":3}}}},"branchMap":{"0":{"loc":{"start":{"line":31,"column":28},"end":{"line":31,"column":75}},"type":"default-arg","locations":[{"start":{"line":31,"column":47},"end":{"line":31,"column":75}}]},"1":{"loc":{"start":{"line":42,"column":4},"end":{"line":45,"column":null}},"type":"if","locations":[{"start":{"line":42,"column":4},"end":{"line":45,"column":null}}]},"2":{"loc":{"start":{"line":50,"column":4},"end":{"line":50,"column":null}},"type":"if","locations":[{"start":{"line":50,"column":4},"end":{"line":50,"column":null}}]},"3":{"loc":{"start":{"line":55,"column":32},"end":{"line":55,"column":45}},"type":"default-arg","locations":[{"start":{"line":55,"column":38},"end":{"line":55,"column":45}}]},"4":{"loc":{"start":{"line":56,"column":4},"end":{"line":58,"column":null}},"type":"if","locations":[{"start":{"line":56,"column":4},"end":{"line":58,"column":null}}]},"5":{"loc":{"start":{"line":56,"column":8},"end":{"line":56,"column":43}},"type":"binary-expr","locations":[{"start":{"line":56,"column":8},"end":{"line":56,"column":26}},{"start":{"line":56,"column":30},"end":{"line":56,"column":43}}]},"6":{"loc":{"start":{"line":60,"column":4},"end":{"line":62,"column":null}},"type":"if","locations":[{"start":{"line":60,"column":4},"end":{"line":62,"column":null}}]},"7":{"loc":{"start":{"line":64,"column":4},"end":{"line":66,"column":null}},"type":"if","locations":[{"start":{"line":64,"column":4},"end":{"line":66,"column":null}}]},"8":{"loc":{"start":{"line":67,"column":4},"end":{"line":69,"column":null}},"type":"if","locations":[{"start":{"line":67,"column":4},"end":{"line":69,"column":null}}]},"9":{"loc":{"start":{"line":70,"column":4},"end":{"line":72,"column":null}},"type":"if","locations":[{"start":{"line":70,"column":4},"end":{"line":72,"column":null}}]},"10":{"loc":{"start":{"line":73,"column":4},"end":{"line":75,"column":null}},"type":"if","locations":[{"start":{"line":73,"column":4},"end":{"line":75,"column":null}}]},"11":{"loc":{"start":{"line":76,"column":4},"end":{"line":83,"column":null}},"type":"if","locations":[{"start":{"line":76,"column":4},"end":{"line":83,"column":null}}]},"12":{"loc":{"start":{"line":78,"column":8},"end":{"line":81,"column":52}},"type":"cond-expr","locations":[{"start":{"line":79,"column":22},"end":{"line":79,"column":null}},{"start":{"line":79,"column":22},"end":{"line":81,"column":52}}]},"13":{"loc":{"start":{"line":78,"column":8},"end":{"line":79,"column":null}},"type":"binary-expr","locations":[{"start":{"line":78,"column":8},"end":{"line":79,"column":null}},{"start":{"line":79,"column":22},"end":{"line":79,"column":null}}]},"14":{"loc":{"start":{"line":84,"column":4},"end":{"line":87,"column":null}},"type":"if","locations":[{"start":{"line":84,"column":4},"end":{"line":87,"column":null}}]},"15":{"loc":{"start":{"line":88,"column":4},"end":{"line":100,"column":null}},"type":"if","locations":[{"start":{"line":88,"column":4},"end":{"line":100,"column":null}}]},"16":{"loc":{"start":{"line":95,"column":15},"end":{"line":97,"column":61}},"type":"cond-expr","locations":[{"start":{"line":96,"column":12},"end":{"line":96,"column":64}},{"start":{"line":97,"column":12},"end":{"line":97,"column":61}}]},"17":{"loc":{"start":{"line":108,"column":4},"end":{"line":108,"column":null}},"type":"if","locations":[{"start":{"line":108,"column":4},"end":{"line":108,"column":null}}]},"18":{"loc":{"start":{"line":113,"column":23},"end":{"line":113,"column":56}},"type":"cond-expr","locations":[{"start":{"line":113,"column":35},"end":{"line":113,"column":37}},{"start":{"line":113,"column":35},"end":{"line":113,"column":56}}]},"19":{"loc":{"start":{"line":113,"column":23},"end":{"line":113,"column":37}},"type":"binary-expr","locations":[{"start":{"line":113,"column":23},"end":{"line":113,"column":37}},{"start":{"line":113,"column":35},"end":{"line":113,"column":37}}]},"20":{"loc":{"start":{"line":114,"column":4},"end":{"line":114,"column":null}},"type":"if","locations":[{"start":{"line":114,"column":4},"end":{"line":114,"column":null}}]},"21":{"loc":{"start":{"line":116,"column":6},"end":{"line":116,"column":78}},"type":"binary-expr","locations":[{"start":{"line":116,"column":6},"end":{"line":116,"column":40}},{"start":{"line":116,"column":44},"end":{"line":116,"column":78}}]}},"s":{"0":1,"1":1,"2":1,"3":1,"4":1,"5":1,"6":1,"7":1,"8":0,"9":0,"10":0,"11":0,"12":0,"13":0,"14":0,"15":5,"16":0,"17":5,"18":0,"19":5,"20":0,"21":5,"22":1,"23":4,"24":1,"25":3,"26":0,"27":3,"28":0,"29":3,"30":1,"31":1,"32":2,"33":1,"34":1,"35":3,"36":3,"37":3,"38":3,"39":3,"40":1,"41":1,"42":1,"43":0,"44":1,"45":1,"46":1,"47":0,"48":1,"49":1},"f":{"0":1,"1":1,"2":0,"3":0,"4":5,"5":3,"6":1,"7":1},"b":{"0":[1],"1":[0],"2":[0],"3":[1],"4":[0],"5":[5,5],"6":[0],"7":[0],"8":[1],"9":[1],"10":[0],"11":[0],"12":[0,0],"13":[0,0],"14":[1],"15":[1],"16":[1,2],"17":[0],"18":[0,1],"19":[1,1],"20":[0],"21":[1,0]}}
}
