TN:
SF:lib/index.ts
FN:26,(anonymous_0)
FN:30,(anonymous_1)
FN:41,(anonymous_2)
FN:49,(anonymous_3)
FN:55,(anonymous_4)
FN:90,(anonymous_5)
FN:105,(anonymous_6)
FN:112,(anonymous_7)
FNF:8
FNH:6
FNDA:1,(anonymous_0)
FNDA:1,(anonymous_1)
FNDA:0,(anonymous_2)
FNDA:0,(anonymous_3)
FNDA:5,(anonymous_4)
FNDA:3,(anonymous_5)
FNDA:1,(anonymous_6)
FNDA:1,(anonymous_7)
DA:1,1
DA:12,1
DA:13,1
DA:24,1
DA:27,1
DA:32,1
DA:33,1
DA:36,1
DA:38,1
DA:42,0
DA:44,0
DA:46,0
DA:50,0
DA:51,0
DA:52,0
DA:56,5
DA:57,0
DA:60,5
DA:61,0
DA:64,5
DA:65,0
DA:67,5
DA:68,1
DA:70,4
DA:71,1
DA:73,3
DA:74,0
DA:76,3
DA:77,0
DA:84,3
DA:85,1
DA:86,1
DA:88,2
DA:89,1
DA:90,1
DA:91,3
DA:92,3
DA:93,3
DA:94,3
DA:95,3
DA:99,1
DA:102,1
DA:108,1
DA:109,1
DA:113,1
DA:114,1
DA:115,1
LF:47
LH:36
BRDA:31,0,0,1
BRDA:42,1,0,0
BRDA:50,2,0,0
BRDA:55,3,0,1
BRDA:56,4,0,0
BRDA:56,5,0,5
BRDA:56,5,1,5
BRDA:60,6,0,0
BRDA:64,7,0,0
BRDA:67,8,0,1
BRDA:70,9,0,1
BRDA:73,10,0,0
BRDA:76,11,0,0
BRDA:78,12,0,0
BRDA:78,12,1,0
BRDA:78,13,0,0
BRDA:78,13,1,0
BRDA:84,14,0,1
BRDA:88,15,0,1
BRDA:95,16,0,1
BRDA:95,16,1,2
BRDA:108,17,0,0
BRDA:113,18,0,0
BRDA:113,18,1,1
BRDA:113,19,0,1
BRDA:113,19,1,1
BRDA:114,20,0,0
BRDA:116,21,0,1
BRDA:116,21,1,0
BRF:29
BRH:14
end_of_record
